TN:
SF:src\controllers\auth.controller.ts
FN:17,(anonymous_1)
FN:43,(anonymous_2)
FN:64,(anonymous_3)
FN:110,(anonymous_4)
FNF:4
FNH:4
FNDA:10,(anonymous_1)
FNDA:3,(anonymous_2)
FNDA:6,(anonymous_3)
FNDA:2,(anonymous_4)
DA:5,10
DA:6,10
DA:8,10
DA:10,10
DA:11,10
DA:13,10
DA:14,10
DA:16,10
DA:18,10
DA:19,10
DA:20,10
DA:21,1
DA:29,9
DA:30,7
DA:36,2
DA:44,3
DA:45,3
DA:46,3
DA:47,0
DA:52,3
DA:53,1
DA:57,2
DA:65,6
DA:66,6
DA:68,5
DA:69,5
DA:70,5
DA:71,5
DA:72,1
DA:74,5
DA:75,0
DA:77,5
DA:78,1
DA:82,5
DA:83,3
DA:84,3
DA:85,1
DA:90,2
DA:91,2
DA:92,1
DA:97,1
DA:100,3
DA:101,3
DA:103,1
DA:111,2
DA:112,2
DA:113,1
DA:115,1
DA:116,1
DA:122,0
LF:50
LH:47
BRDA:20,0,0,1
BRDA:20,0,1,9
BRDA:25,1,0,1
BRDA:25,1,1,0
BRDA:36,2,0,2
BRDA:36,2,1,0
BRDA:38,3,0,2
BRDA:38,3,1,0
BRDA:46,4,0,0
BRDA:46,4,1,3
BRDA:57,5,0,2
BRDA:57,5,1,0
BRDA:59,6,0,2
BRDA:59,6,1,0
BRDA:66,7,0,1
BRDA:66,7,1,5
BRDA:69,8,0,1
BRDA:69,8,1,4
BRDA:70,9,0,0
BRDA:70,9,1,5
BRDA:71,10,0,1
BRDA:71,10,1,4
BRDA:72,11,0,1
BRDA:72,11,1,1
BRDA:74,12,0,0
BRDA:74,12,1,5
BRDA:77,13,0,1
BRDA:77,13,1,4
BRDA:82,14,0,3
BRDA:82,14,1,2
BRDA:82,15,0,5
BRDA:82,15,1,3
BRDA:84,16,0,1
BRDA:84,16,1,2
BRDA:91,17,0,1
BRDA:91,17,1,1
BRDA:91,18,0,2
BRDA:91,18,1,1
BRDA:103,19,0,1
BRDA:103,19,1,0
BRDA:105,20,0,1
BRDA:105,20,1,0
BRDA:112,21,0,1
BRDA:112,21,1,1
BRDA:122,22,0,0
BRDA:122,22,1,0
BRDA:124,23,0,0
BRDA:124,23,1,0
BRF:48
BRH:34
end_of_record
TN:
SF:src\controllers\cart.controller.ts
FN:10,(anonymous_1)
FN:20,(anonymous_2)
FN:32,(anonymous_3)
FN:55,(anonymous_4)
FN:66,(anonymous_5)
FNF:5
FNH:5
FNDA:3,(anonymous_1)
FNDA:8,(anonymous_2)
FNDA:3,(anonymous_3)
FNDA:2,(anonymous_4)
FNDA:2,(anonymous_5)
DA:2,10
DA:4,10
DA:5,10
DA:7,10
DA:9,10
DA:11,3
DA:12,3
DA:13,2
DA:14,2
DA:16,1
DA:21,8
DA:22,8
DA:23,7
DA:24,7
DA:25,5
DA:27,3
DA:33,3
DA:34,3
DA:36,3
DA:39,3
DA:40,0
DA:44,3
DA:45,1
DA:48,2
DA:49,1
DA:51,2
DA:56,2
DA:57,2
DA:58,2
DA:59,2
DA:60,1
DA:62,1
DA:67,2
DA:68,2
DA:69,2
DA:70,1
DA:72,1
LF:37
LH:36
BRDA:12,0,0,1
BRDA:12,0,1,2
BRDA:14,1,0,2
BRDA:14,1,1,1
BRDA:16,2,0,1
BRDA:16,2,1,0
BRDA:22,3,0,1
BRDA:22,3,1,7
BRDA:27,4,0,3
BRDA:27,4,1,0
BRDA:34,5,0,0
BRDA:34,5,1,3
BRDA:39,6,0,0
BRDA:39,6,1,3
BRDA:44,7,0,1
BRDA:44,7,1,2
BRDA:51,8,0,2
BRDA:51,8,1,0
BRDA:57,9,0,0
BRDA:57,9,1,2
BRDA:62,10,0,1
BRDA:62,10,1,0
BRDA:68,11,0,0
BRDA:68,11,1,2
BRDA:72,12,0,1
BRDA:72,12,1,0
BRF:26
BRH:17
end_of_record
TN:
SF:src\controllers\customBouquet.controller.ts
FN:11,(anonymous_0)
FNF:1
FNH:1
FNDA:4,(anonymous_0)
DA:2,9
DA:3,9
DA:5,9
DA:7,9
DA:8,9
DA:10,9
DA:12,4
DA:13,4
DA:14,4
DA:15,4
DA:16,2
DA:17,2
DA:19,2
LF:13
LH:13
BRDA:13,0,0,0
BRDA:13,0,1,4
BRDA:19,1,0,2
BRDA:19,1,1,0
BRF:4
BRH:2
end_of_record
TN:
SF:src\controllers\favorites.controller.ts
FN:10,(anonymous_1)
FN:20,(anonymous_2)
FN:31,(anonymous_3)
FNF:3
FNH:3
FNDA:3,(anonymous_1)
FNDA:6,(anonymous_2)
FNDA:4,(anonymous_3)
DA:2,10
DA:4,10
DA:5,10
DA:7,10
DA:9,10
DA:11,3
DA:12,3
DA:13,2
DA:14,2
DA:16,1
DA:21,6
DA:22,6
DA:23,5
DA:24,5
DA:25,4
DA:27,2
DA:32,4
DA:33,4
DA:35,4
DA:37,4
DA:38,0
DA:41,4
DA:42,1
DA:45,3
DA:46,2
DA:48,2
LF:26
LH:25
BRDA:12,0,0,1
BRDA:12,0,1,2
BRDA:14,1,0,2
BRDA:14,1,1,1
BRDA:16,2,0,1
BRDA:16,2,1,0
BRDA:22,3,0,1
BRDA:22,3,1,5
BRDA:27,4,0,2
BRDA:27,4,1,0
BRDA:33,5,0,0
BRDA:33,5,1,4
BRDA:37,6,0,0
BRDA:37,6,1,4
BRDA:41,7,0,1
BRDA:41,7,1,3
BRDA:48,8,0,2
BRDA:48,8,1,0
BRF:18
BRH:13
end_of_record
TN:
SF:src\controllers\item.controller.ts
FN:12,(anonymous_0)
FN:25,(anonymous_1)
FN:34,(anonymous_2)
FN:56,(anonymous_3)
FN:74,(anonymous_4)
FN:92,(anonymous_5)
FNF:6
FNH:6
FNDA:3,(anonymous_0)
FNDA:4,(anonymous_1)
FNDA:8,(anonymous_2)
FNDA:4,(anonymous_3)
FNDA:4,(anonymous_4)
FNDA:3,(anonymous_5)
DA:3,10
DA:6,10
DA:8,10
DA:10,10
DA:13,3
DA:14,3
DA:16,3
DA:17,2
DA:19,1
DA:21,0
DA:26,4
DA:27,4
DA:28,3
DA:30,1
DA:35,8
DA:36,8
DA:37,8
DA:38,8
DA:40,8
DA:42,8
DA:51,0
DA:52,0
DA:57,4
DA:58,4
DA:59,4
DA:60,1
DA:62,3
DA:63,0
DA:66,3
DA:67,2
DA:69,1
DA:75,4
DA:76,4
DA:77,4
DA:78,1
DA:80,3
DA:81,0
DA:84,3
DA:85,2
DA:87,1
DA:93,3
DA:94,3
DA:95,3
DA:96,1
DA:98,2
DA:99,0
DA:102,2
DA:103,1
DA:105,1
LF:49
LH:43
BRDA:16,0,0,2
BRDA:16,0,1,1
BRDA:30,1,0,1
BRDA:30,1,1,0
BRDA:52,2,0,0
BRDA:52,2,1,0
BRDA:59,3,0,1
BRDA:59,3,1,3
BRDA:62,4,0,0
BRDA:62,4,1,3
BRDA:69,5,0,1
BRDA:69,5,1,0
BRDA:77,6,0,1
BRDA:77,6,1,3
BRDA:80,7,0,0
BRDA:80,7,1,3
BRDA:87,8,0,1
BRDA:87,8,1,0
BRDA:95,9,0,1
BRDA:95,9,1,2
BRDA:98,10,0,0
BRDA:98,10,1,2
BRDA:105,11,0,1
BRDA:105,11,1,0
BRF:24
BRH:15
end_of_record
TN:
SF:src\controllers\notification.controller.ts
FN:9,(anonymous_0)
FN:18,(anonymous_1)
FN:40,(anonymous_2)
FN:52,(anonymous_3)
FN:65,(anonymous_4)
FN:78,(anonymous_5)
FN:91,(anonymous_6)
FN:104,(anonymous_7)
FN:117,(anonymous_8)
FN:130,(anonymous_9)
FNF:10
FNH:10
FNDA:9,(anonymous_0)
FNDA:3,(anonymous_1)
FNDA:1,(anonymous_2)
FNDA:2,(anonymous_3)
FNDA:2,(anonymous_4)
FNDA:4,(anonymous_5)
FNDA:3,(anonymous_6)
FNDA:1,(anonymous_7)
FNDA:4,(anonymous_8)
FNDA:1,(anonymous_9)
DA:3,10
DA:5,10
DA:7,10
DA:9,10
DA:10,9
DA:11,9
DA:12,9
DA:13,9
DA:16,10
DA:19,3
DA:20,3
DA:21,2
DA:22,2
DA:24,1
DA:31,1
DA:33,2
DA:41,1
DA:42,1
DA:43,1
DA:44,1
DA:45,1
DA:47,0
DA:53,2
DA:54,2
DA:55,2
DA:56,1
DA:58,1
DA:66,2
DA:67,2
DA:68,2
DA:69,1
DA:71,1
DA:79,4
DA:80,4
DA:81,3
DA:82,3
DA:84,1
DA:92,3
DA:93,3
DA:94,2
DA:95,1
DA:97,2
DA:105,1
DA:106,1
DA:107,1
DA:108,1
DA:110,0
DA:118,4
DA:119,4
DA:120,3
DA:121,2
DA:123,2
DA:131,1
DA:132,1
DA:133,1
DA:134,1
DA:136,0
LF:57
LH:54
BRDA:11,0,0,0
BRDA:11,0,1,9
BRDA:12,1,0,0
BRDA:12,1,1,9
BRDA:20,2,0,1
BRDA:20,2,1,2
BRDA:22,3,0,1
BRDA:22,3,1,1
BRDA:22,4,0,2
BRDA:22,4,1,1
BRDA:33,5,0,2
BRDA:33,5,1,0
BRDA:42,6,0,1
BRDA:42,6,1,1
BRDA:43,7,0,1
BRDA:43,7,1,1
BRDA:58,8,0,1
BRDA:58,8,1,0
BRDA:71,9,0,1
BRDA:71,9,1,0
BRDA:80,10,0,1
BRDA:80,10,1,3
BRDA:84,11,0,1
BRDA:84,11,1,0
BRDA:93,12,0,1
BRDA:93,12,1,2
BRDA:97,13,0,2
BRDA:97,13,1,0
BRDA:106,14,0,0
BRDA:106,14,1,1
BRDA:110,15,0,0
BRDA:110,15,1,0
BRDA:119,16,0,1
BRDA:119,16,1,3
BRDA:123,17,0,2
BRDA:123,17,1,0
BRDA:132,18,0,0
BRDA:132,18,1,1
BRDA:136,19,0,0
BRDA:136,19,1,0
BRF:40
BRH:26
end_of_record
TN:
SF:src\controllers\order.controller.ts
FN:8,(anonymous_0)
FN:20,(anonymous_1)
FN:54,(anonymous_2)
FN:76,(anonymous_3)
FN:103,(anonymous_4)
FNF:5
FNH:5
FNDA:6,(anonymous_0)
FNDA:33,(anonymous_1)
FNDA:2,(anonymous_2)
FNDA:3,(anonymous_3)
FNDA:3,(anonymous_4)
DA:4,9
DA:5,9
DA:6,9
DA:8,9
DA:9,6
DA:10,6
DA:11,6
DA:12,6
DA:15,9
DA:16,9
DA:18,9
DA:21,33
DA:22,33
DA:24,33
DA:25,33
DA:29,32
DA:30,1
DA:33,31
DA:40,30
DA:46,3
DA:55,2
DA:56,2
DA:58,2
DA:59,2
DA:61,2
DA:62,2
DA:68,0
DA:77,3
DA:78,3
DA:80,3
DA:81,3
DA:83,1
DA:84,1
DA:85,1
DA:90,1
DA:95,2
DA:104,3
DA:105,3
DA:107,3
DA:108,3
DA:114,1
DA:120,2
LF:42
LH:41
BRDA:10,0,0,0
BRDA:10,0,1,6
BRDA:11,1,0,0
BRDA:11,1,1,6
BRDA:22,2,0,0
BRDA:22,2,1,33
BRDA:25,3,0,1
BRDA:25,3,1,32
BRDA:29,4,0,1
BRDA:29,4,1,31
BRDA:29,5,0,32
BRDA:29,5,1,31
BRDA:29,5,2,31
BRDA:29,5,3,31
BRDA:46,6,0,3
BRDA:46,6,1,0
BRDA:48,7,0,3
BRDA:48,7,1,0
BRDA:56,8,0,0
BRDA:56,8,1,2
BRDA:58,9,0,2
BRDA:58,9,1,1
BRDA:59,10,0,2
BRDA:59,10,1,1
BRDA:68,11,0,0
BRDA:68,11,1,0
BRDA:78,12,0,0
BRDA:78,12,1,3
BRDA:95,13,0,2
BRDA:95,13,1,0
BRDA:105,14,0,0
BRDA:105,14,1,3
BRDA:111,15,0,3
BRDA:111,15,1,0
BRDA:120,16,0,2
BRDA:120,16,1,0
BRF:36
BRH:23
end_of_record
TN:
SF:src\controllers\admin\admin.delivery.controller.ts
FN:6,(anonymous_0)
FN:13,(anonymous_1)
FN:24,(anonymous_2)
FN:59,(anonymous_3)
FN:76,(anonymous_4)
FN:92,(anonymous_5)
FN:112,(anonymous_6)
FN:135,(anonymous_7)
FN:162,(anonymous_8)
FNF:9
FNH:9
FNDA:12,(anonymous_0)
FNDA:2,(anonymous_1)
FNDA:5,(anonymous_2)
FNDA:3,(anonymous_3)
FNDA:2,(anonymous_4)
FNDA:2,(anonymous_5)
FNDA:5,(anonymous_6)
FNDA:3,(anonymous_7)
FNDA:5,(anonymous_8)
DA:3,10
DA:4,10
DA:6,10
DA:7,12
DA:8,12
DA:9,12
DA:10,12
DA:13,10
DA:14,2
DA:15,2
DA:16,2
DA:17,2
DA:20,10
DA:22,10
DA:25,5
DA:26,5
DA:28,5
DA:29,2
DA:31,3
DA:32,1
DA:35,2
DA:45,0
DA:51,5
DA:60,3
DA:61,3
DA:62,3
DA:68,0
DA:77,2
DA:78,2
DA:79,1
DA:84,1
DA:93,2
DA:94,2
DA:99,1
DA:104,1
DA:113,5
DA:114,5
DA:115,4
DA:116,4
DA:121,3
DA:127,2
DA:136,3
DA:137,3
DA:139,3
DA:140,3
DA:142,2
DA:148,1
DA:154,2
DA:163,5
DA:164,5
DA:166,5
DA:167,5
DA:169,4
DA:175,2
DA:181,3
LF:55
LH:53
BRDA:8,0,0,0
BRDA:8,0,1,12
BRDA:9,1,0,0
BRDA:9,1,1,12
BRDA:15,2,0,0
BRDA:15,2,1,2
BRDA:16,3,0,0
BRDA:16,3,1,2
BRDA:28,4,0,2
BRDA:28,4,1,3
BRDA:28,5,0,5
BRDA:28,5,1,5
BRDA:28,5,2,3
BRDA:28,5,3,3
BRDA:31,6,0,1
BRDA:31,6,1,2
BRDA:31,7,0,3
BRDA:31,7,1,3
BRDA:31,7,2,2
BRDA:51,8,0,5
BRDA:51,8,1,0
BRDA:68,9,0,0
BRDA:68,9,1,0
BRDA:84,10,0,1
BRDA:84,10,1,0
BRDA:104,11,0,1
BRDA:104,11,1,0
BRDA:114,12,0,1
BRDA:114,12,1,4
BRDA:115,13,0,4
BRDA:115,13,1,0
BRDA:115,13,2,0
BRDA:127,14,0,2
BRDA:127,14,1,0
BRDA:137,15,0,0
BRDA:137,15,1,3
BRDA:140,16,0,1
BRDA:140,16,1,2
BRDA:154,17,0,2
BRDA:154,17,1,0
BRDA:164,18,0,0
BRDA:164,18,1,5
BRDA:167,19,0,1
BRDA:167,19,1,4
BRDA:181,20,0,3
BRDA:181,20,1,0
BRF:46
BRH:30
end_of_record
TN:
SF:src\controllers\admin\admin.order.controller.ts
FN:8,(anonymous_0)
FN:19,(anonymous_1)
FN:36,(anonymous_2)
FN:49,(anonymous_3)
FN:70,(anonymous_4)
FNF:5
FNH:5
FNDA:8,(anonymous_0)
FNDA:3,(anonymous_1)
FNDA:2,(anonymous_2)
FNDA:3,(anonymous_3)
FNDA:5,(anonymous_4)
DA:4,10
DA:5,10
DA:8,10
DA:9,8
DA:10,8
DA:11,8
DA:12,8
DA:15,10
DA:17,10
DA:20,3
DA:21,3
DA:22,2
DA:28,1
DA:37,2
DA:38,2
DA:39,1
DA:41,1
DA:50,3
DA:51,3
DA:52,3
DA:54,2
DA:55,2
DA:60,1
DA:62,2
DA:71,5
DA:72,5
DA:73,5
DA:75,4
DA:76,4
DA:81,2
DA:87,3
LF:31
LH:31
BRDA:10,0,0,0
BRDA:10,0,1,8
BRDA:11,1,0,0
BRDA:11,1,1,8
BRDA:28,2,0,1
BRDA:28,2,1,1
BRDA:30,3,0,1
BRDA:30,3,1,0
BRDA:41,4,0,1
BRDA:41,4,1,0
BRDA:43,5,0,1
BRDA:43,5,1,0
BRDA:52,6,0,1
BRDA:52,6,1,2
BRDA:54,7,0,2
BRDA:54,7,1,0
BRDA:54,7,2,0
BRDA:62,8,0,2
BRDA:62,8,1,0
BRDA:64,9,0,2
BRDA:64,9,1,0
BRDA:73,10,0,1
BRDA:73,10,1,4
BRDA:75,11,0,4
BRDA:75,11,1,0
BRDA:75,11,2,0
BRDA:87,12,0,3
BRDA:87,12,1,0
BRDA:89,13,0,3
BRDA:89,13,1,0
BRF:30
BRH:17
end_of_record
TN:
SF:src\controllers\admin\user.controller.ts
FN:7,(anonymous_0)
FN:17,(anonymous_1)
FN:47,(anonymous_2)
FN:68,(anonymous_3)
FN:80,(anonymous_4)
FN:110,(anonymous_5)
FNF:6
FNH:6
FNDA:5,(anonymous_0)
FNDA:7,(anonymous_1)
FNDA:4,(anonymous_2)
FNDA:2,(anonymous_3)
FNDA:2,(anonymous_4)
FNDA:2,(anonymous_5)
DA:2,10
DA:3,10
DA:5,10
DA:7,10
DA:8,5
DA:9,5
DA:10,5
DA:11,5
DA:14,10
DA:16,10
DA:18,7
DA:19,7
DA:20,7
DA:21,2
DA:30,5
DA:31,5
DA:32,0
DA:35,5
DA:36,3
DA:40,2
DA:48,4
DA:49,4
DA:50,4
DA:51,4
DA:53,4
DA:54,4
DA:61,0
DA:69,2
DA:70,2
DA:71,1
DA:73,1
DA:81,2
DA:82,2
DA:83,2
DA:84,1
DA:93,1
DA:94,1
DA:95,0
DA:98,1
DA:99,1
DA:103,0
DA:111,2
DA:112,2
DA:113,1
DA:115,1
LF:45
LH:41
BRDA:9,0,0,0
BRDA:9,0,1,5
BRDA:10,1,0,0
BRDA:10,1,1,5
BRDA:20,2,0,2
BRDA:20,2,1,5
BRDA:24,3,0,2
BRDA:24,3,1,0
BRDA:31,4,0,0
BRDA:31,4,1,5
BRDA:40,5,0,2
BRDA:40,5,1,0
BRDA:42,6,0,2
BRDA:42,6,1,0
BRDA:49,7,0,4
BRDA:49,7,1,1
BRDA:50,8,0,4
BRDA:50,8,1,1
BRDA:61,9,0,0
BRDA:61,9,1,0
BRDA:63,10,0,0
BRDA:63,10,1,0
BRDA:73,11,0,1
BRDA:73,11,1,0
BRDA:75,12,0,1
BRDA:75,12,1,0
BRDA:83,13,0,1
BRDA:83,13,1,1
BRDA:87,14,0,1
BRDA:87,14,1,0
BRDA:94,15,0,0
BRDA:94,15,1,1
BRDA:103,16,0,0
BRDA:103,16,1,0
BRDA:105,17,0,0
BRDA:105,17,1,0
BRDA:115,18,0,1
BRDA:115,18,1,0
BRDA:117,19,0,1
BRDA:117,19,1,0
BRF:40
BRH:20
end_of_record
TN:
SF:src\dtos\item.dto.ts
FNF:0
FNH:0
DA:3,11
DA:5,11
DA:9,11
LF:3
LH:3
BRF:0
BRH:0
end_of_record
TN:
SF:src\dtos\user.dto.ts
FN:16,(anonymous_0)
FNF:1
FNH:1
FNDA:16,(anonymous_0)
DA:1,11
DA:2,11
DA:5,11
DA:16,16
DA:24,11
DA:33,11
DA:44,11
DA:54,11
LF:8
LH:8
BRF:0
BRH:0
end_of_record
TN:
SF:src\errors\http-error.ts
FN:4,(anonymous_0)
FNF:1
FNH:1
FNDA:93,(anonymous_0)
DA:1,16
DA:5,93
DA:6,93
LF:3
LH:3
BRF:0
BRH:0
end_of_record
TN:
SF:src\middlewares\authorized.middleware.ts
FN:22,(anonymous_1)
FN:68,(anonymous_2)
FN:110,(anonymous_3)
FNF:3
FNH:3
FNDA:177,(anonymous_1)
FNDA:16,(anonymous_2)
FNDA:73,(anonymous_3)
DA:2,10
DA:3,10
DA:4,10
DA:7,10
DA:22,10
DA:23,177
DA:26,177
DA:27,155
DA:30,22
DA:31,22
DA:32,1
DA:36,177
DA:37,21
DA:38,21
DA:41,156
DA:42,156
DA:43,155
DA:45,155
DA:46,155
DA:47,1
DA:50,154
DA:60,154
DA:62,1
DA:63,1
DA:68,10
DA:69,16
DA:72,16
DA:73,1
DA:74,1
DA:78,16
DA:79,11
DA:80,11
DA:83,5
DA:84,5
DA:85,4
DA:87,4
DA:88,4
DA:89,3
DA:98,3
DA:100,1
DA:103,1
DA:107,5
DA:110,10
DA:111,73
DA:112,7
DA:117,66
LF:46
LH:46
BRDA:26,0,0,155
BRDA:26,0,1,22
BRDA:31,1,0,1
BRDA:31,1,1,21
BRDA:36,2,0,21
BRDA:36,2,1,156
BRDA:46,3,0,1
BRDA:46,3,1,154
BRDA:72,4,0,1
BRDA:72,4,1,15
BRDA:72,5,0,16
BRDA:72,5,1,12
BRDA:78,6,0,11
BRDA:78,6,1,5
BRDA:88,7,0,3
BRDA:88,7,1,1
BRDA:111,8,0,7
BRDA:111,8,1,66
BRDA:111,9,0,73
BRDA:111,9,1,72
BRF:20
BRH:20
end_of_record
TN:
SF:src\models\cart.model.ts
FNF:0
FNH:0
DA:1,11
DA:19,11
DA:27,11
DA:36,11
LF:4
LH:4
BRF:0
BRH:0
end_of_record
TN:
SF:src\models\customBouquet.model.ts
FNF:0
FNH:0
DA:1,12
DA:23,12
DA:46,12
LF:3
LH:3
BRF:0
BRH:0
end_of_record
TN:
SF:src\models\delivery.model.ts
FNF:0
FNH:0
DA:1,11
DA:46,11
DA:55,11
DA:66,11
DA:90,11
LF:5
LH:5
BRF:0
BRH:0
end_of_record
TN:
SF:src\models\favorites.model.ts
FNF:0
FNH:0
DA:1,11
DA:15,11
DA:21,11
DA:29,11
LF:4
LH:4
BRF:0
BRH:0
end_of_record
TN:
SF:src\models\item.model.ts
FNF:0
FNH:0
DA:2,13
DA:26,13
DA:48,13
LF:3
LH:3
BRF:0
BRH:0
end_of_record
TN:
SF:src\models\notification.model.ts
FNF:0
FNH:0
DA:2,10
DA:16,10
DA:28,10
LF:3
LH:3
BRF:0
BRH:0
end_of_record
TN:
SF:src\models\order.model.ts
FNF:0
FNH:0
DA:1,12
DA:41,12
DA:54,12
DA:82,12
LF:4
LH:4
BRF:0
BRH:0
end_of_record
TN:
SF:src\models\user.model.ts
FNF:0
FNH:0
DA:1,15
DA:19,15
DA:39,15
LF:3
LH:3
BRF:0
BRH:0
end_of_record
TN:
SF:src\models\userNotification.model.ts
FNF:0
FNH:0
DA:2,10
DA:13,10
DA:24,10
DA:26,10
LF:4
LH:4
BRF:0
BRH:0
end_of_record
TN:
SF:src\repositories\cart.repository.ts
FN:10,enrichCartItems
FN:15,(anonymous_10)
FN:16,(anonymous_11)
FN:19,(anonymous_12)
FN:20,(anonymous_13)
FN:28,(anonymous_14)
FN:37,(anonymous_15)
FN:41,(anonymous_16)
FN:47,(anonymous_17)
FN:61,(anonymous_18)
FN:66,(anonymous_19)
FN:72,(anonymous_20)
FN:78,(anonymous_21)
FN:83,(anonymous_22)
FN:86,(anonymous_23)
FN:87,(anonymous_24)
FN:92,(anonymous_25)
FN:95,(anonymous_26)
FN:100,(anonymous_27)
FN:105,(anonymous_28)
FNF:20
FNH:19
FNDA:71,enrichCartItems
FNDA:38,(anonymous_10)
FNDA:36,(anonymous_11)
FNDA:38,(anonymous_12)
FNDA:2,(anonymous_13)
FNDA:36,(anonymous_14)
FNDA:2,(anonymous_15)
FNDA:2,(anonymous_16)
FNDA:38,(anonymous_17)
FNDA:47,(anonymous_18)
FNDA:73,(anonymous_19)
FNDA:7,(anonymous_20)
FNDA:7,(anonymous_21)
FNDA:3,(anonymous_22)
FNDA:1,(anonymous_23)
FNDA:0,(anonymous_24)
FNDA:4,(anonymous_25)
FNDA:1,(anonymous_26)
FNDA:1,(anonymous_27)
FNDA:33,(anonymous_28)
DA:3,11
DA:4,11
DA:11,71
DA:14,38
DA:15,38
DA:16,36
DA:18,38
DA:19,38
DA:20,2
DA:23,38
DA:24,38
DA:25,36
DA:28,36
DA:29,36
DA:34,38
DA:35,38
DA:37,4
DA:38,2
DA:41,2
DA:42,2
DA:47,38
DA:48,38
DA:49,38
DA:50,38
DA:56,38
DA:59,11
DA:62,47
DA:67,73
DA:68,73
DA:69,71
DA:73,7
DA:74,7
DA:75,7
DA:77,7
DA:78,7
DA:79,7
DA:80,7
DA:84,3
DA:85,3
DA:86,1
DA:87,1
DA:88,1
DA:89,1
DA:93,4
DA:94,4
DA:95,2
DA:96,2
DA:97,1
DA:98,1
DA:99,1
DA:100,1
DA:101,1
DA:102,1
DA:106,33
DA:107,33
DA:108,31
DA:109,31
DA:110,31
DA:111,31
LF:59
LH:59
BRDA:11,0,0,33
BRDA:11,0,1,38
BRDA:11,1,0,71
BRDA:11,1,1,71
BRDA:11,1,2,71
BRDA:24,2,0,36
BRDA:24,2,1,2
BRDA:35,3,0,2
BRDA:35,3,1,36
BRDA:48,4,0,38
BRDA:48,4,1,0
BRDA:49,5,0,36
BRDA:49,5,1,2
BRDA:52,6,0,38
BRDA:52,6,1,0
BRDA:68,7,0,2
BRDA:68,7,1,71
BRDA:74,8,0,7
BRDA:74,8,1,0
BRDA:85,9,0,2
BRDA:85,9,1,1
BRDA:94,10,0,2
BRDA:94,10,1,2
BRDA:96,11,0,1
BRDA:96,11,1,1
BRDA:97,12,0,0
BRDA:97,12,1,1
BRDA:107,13,0,2
BRDA:107,13,1,31
BRF:29
BRH:25
end_of_record
TN:
SF:src\repositories\customBouquet.repository.ts
FN:4,(anonymous_0)
FN:9,(anonymous_1)
FNF:2
FNH:2
FNDA:2,(anonymous_0)
FNDA:2,(anonymous_1)
DA:1,10
DA:3,10
DA:5,2
DA:6,2
DA:10,2
LF:5
LH:5
BRF:0
BRH:0
end_of_record
TN:
SF:src\repositories\delivery.repository.ts
FN:4,(anonymous_0)
FN:10,(anonymous_1)
FN:17,(anonymous_2)
FN:22,(anonymous_3)
FN:29,(anonymous_4)
FN:33,(anonymous_5)
FN:53,(anonymous_6)
FN:57,(anonymous_7)
FNF:8
FNH:8
FNDA:30,(anonymous_0)
FNDA:2,(anonymous_1)
FNDA:10,(anonymous_2)
FNDA:3,(anonymous_3)
FNDA:4,(anonymous_4)
FNDA:3,(anonymous_5)
FNDA:7,(anonymous_6)
FNDA:5,(anonymous_7)
DA:1,11
DA:3,11
DA:5,30
DA:6,30
DA:11,2
DA:18,10
DA:23,3
DA:30,4
DA:38,3
DA:39,3
DA:41,3
DA:50,3
DA:54,7
DA:61,5
LF:14
LH:14
BRDA:34,0,0,0
BRDA:35,1,0,0
BRDA:39,2,0,1
BRDA:39,2,1,2
BRF:4
BRH:2
end_of_record
TN:
SF:src\repositories\favorites.repository.ts
FN:11,(anonymous_0)
FN:16,(anonymous_1)
FN:22,(anonymous_2)
FN:29,(anonymous_3)
FN:38,(anonymous_4)
FN:41,(anonymous_5)
FNF:6
FNH:6
FNDA:7,(anonymous_0)
FNDA:8,(anonymous_1)
FNDA:4,(anonymous_2)
FNDA:1,(anonymous_3)
FNDA:3,(anonymous_4)
FNDA:1,(anonymous_5)
DA:2,11
DA:4,11
DA:9,11
DA:12,7
DA:17,8
DA:23,4
DA:24,4
DA:25,3
DA:28,4
DA:29,1
DA:31,4
DA:32,3
DA:33,3
DA:35,4
DA:39,3
DA:40,3
DA:41,2
DA:42,2
DA:43,2
LF:19
LH:19
BRDA:24,0,0,3
BRDA:24,0,1,1
BRDA:29,1,0,1
BRDA:29,1,1,1
BRDA:31,2,0,3
BRDA:31,2,1,1
BRDA:40,3,0,1
BRDA:40,3,1,2
BRF:8
BRH:8
end_of_record
TN:
SF:src\repositories\item.repository.ts
FN:25,(anonymous_0)
FN:41,(anonymous_1)
FN:54,(anonymous_2)
FN:64,(anonymous_3)
FN:117,(anonymous_4)
FN:130,(anonymous_5)
FNF:6
FNH:6
FNDA:5,(anonymous_0)
FNDA:3,(anonymous_1)
FNDA:6,(anonymous_2)
FNDA:8,(anonymous_3)
FNDA:2,(anonymous_4)
FNDA:2,(anonymous_5)
DA:2,11
DA:24,11
DA:26,5
DA:31,5
DA:32,5
DA:33,5
DA:34,1
DA:35,1
DA:36,1
DA:38,5
DA:42,3
DA:44,3
DA:46,3
DA:51,3
DA:55,6
DA:56,6
DA:60,6
DA:68,8
DA:70,8
DA:72,8
DA:73,1
DA:75,8
DA:76,1
DA:78,8
DA:79,1
DA:81,8
DA:82,1
DA:84,8
DA:85,1
DA:88,8
DA:89,8
DA:90,1
DA:91,1
DA:94,8
DA:100,8
DA:101,1
DA:105,8
DA:106,7
DA:109,8
DA:114,8
DA:118,2
DA:119,2
DA:120,2
DA:123,2
DA:131,2
DA:135,2
LF:46
LH:46
BRDA:42,0,0,0
BRDA:42,0,1,3
BRDA:56,1,0,5
BRDA:56,1,1,1
BRDA:72,2,0,1
BRDA:72,2,1,7
BRDA:75,3,0,1
BRDA:75,3,1,7
BRDA:78,4,0,1
BRDA:78,4,1,7
BRDA:81,5,0,1
BRDA:81,5,1,7
BRDA:84,6,0,1
BRDA:84,6,1,7
BRDA:89,7,0,1
BRDA:89,7,1,7
BRDA:91,8,0,1
BRDA:91,8,1,0
BRDA:100,9,0,1
BRDA:100,9,1,7
BRDA:105,10,0,7
BRDA:105,10,1,1
BRDA:118,11,0,2
BRDA:118,11,1,0
BRF:24
BRH:21
end_of_record
TN:
SF:src\repositories\order.repository.ts
FN:12,(anonymous_0)
FN:18,(anonymous_1)
FN:23,(anonymous_2)
FN:28,(anonymous_3)
FN:44,(anonymous_4)
FN:62,(anonymous_5)
FN:74,(anonymous_6)
FNF:7
FNH:6
FNDA:30,(anonymous_0)
FNDA:3,(anonymous_1)
FNDA:14,(anonymous_2)
FNDA:3,(anonymous_3)
FNDA:3,(anonymous_4)
FNDA:0,(anonymous_5)
FNDA:6,(anonymous_6)
DA:1,12
DA:11,12
DA:13,30
DA:14,30
DA:19,3
DA:24,14
DA:33,3
DA:40,3
DA:45,3
DA:46,3
DA:48,3
DA:49,3
DA:51,3
DA:59,3
DA:67,0
DA:75,6
LF:16
LH:15
BRDA:30,0,0,0
BRDA:31,1,0,0
BRDA:48,2,0,2
BRDA:48,2,1,1
BRDA:49,3,0,0
BRDA:49,3,1,3
BRF:6
BRH:3
end_of_record
TN:
SF:src\repositories\user.repository.ts
FN:15,(anonymous_0)
FN:19,(anonymous_1)
FN:23,(anonymous_2)
FN:28,(anonymous_3)
FN:32,(anonymous_4)
FN:36,(anonymous_5)
FN:62,(anonymous_6)
FN:66,(anonymous_7)
FNF:8
FNH:8
FNDA:19,(anonymous_0)
FNDA:12,(anonymous_1)
FNDA:10,(anonymous_2)
FNDA:156,(anonymous_3)
FNDA:1,(anonymous_4)
FNDA:4,(anonymous_5)
FNDA:1,(anonymous_6)
FNDA:4,(anonymous_7)
DA:1,15
DA:14,15
DA:16,19
DA:20,12
DA:24,10
DA:25,10
DA:29,156
DA:33,1
DA:41,4
DA:42,4
DA:43,1
DA:51,4
DA:59,4
DA:63,1
DA:67,4
DA:68,4
LF:16
LH:16
BRDA:37,0,0,0
BRDA:38,1,0,0
BRDA:42,2,0,1
BRDA:42,2,1,3
BRF:4
BRH:2
end_of_record
TN:
SF:src\routes\auth.route.ts
FN:25,(anonymous_0)
FN:42,(anonymous_1)
FNF:2
FNH:2
FNDA:2,(anonymous_0)
FNDA:3,(anonymous_1)
DA:1,9
DA:2,9
DA:3,9
DA:4,9
DA:5,9
DA:6,9
DA:8,9
DA:9,9
DA:12,9
DA:14,9
DA:15,9
DA:16,9
DA:18,9
DA:25,9
DA:26,2
DA:27,2
DA:28,2
DA:31,2
DA:33,2
DA:35,0
DA:42,9
DA:43,3
DA:44,3
DA:45,3
DA:48,2
DA:50,1
DA:52,2
DA:59,9
LF:28
LH:27
BRDA:28,0,0,0
BRDA:28,0,1,2
BRDA:35,1,0,0
BRDA:35,1,1,0
BRDA:37,2,0,0
BRDA:37,2,1,0
BRDA:45,3,0,1
BRDA:45,3,1,2
BRDA:45,4,0,3
BRDA:45,4,1,2
BRDA:52,5,0,2
BRDA:52,5,1,0
BRDA:54,6,0,2
BRDA:54,6,1,0
BRF:14
BRH:7
end_of_record
TN:
SF:src\routes\cart.route.ts
FNF:0
FNH:0
DA:1,9
DA:2,9
DA:3,9
DA:5,9
DA:6,9
DA:8,9
DA:9,9
DA:10,9
DA:11,9
DA:12,9
DA:14,9
LF:11
LH:11
BRF:0
BRH:0
end_of_record
TN:
SF:src\routes\customBouquet.route.ts
FNF:0
FNH:0
DA:1,9
DA:2,9
DA:3,9
DA:5,9
DA:6,9
DA:8,9
DA:10,9
LF:7
LH:7
BRF:0
BRH:0
end_of_record
TN:
SF:src\routes\favorites.route.ts
FNF:0
FNH:0
DA:1,9
DA:2,9
DA:3,9
DA:5,9
DA:6,9
DA:8,9
DA:9,9
DA:10,9
DA:12,9
LF:9
LH:9
BRF:0
BRH:0
end_of_record
TN:
SF:src\routes\item.route.ts
FNF:0
FNH:0
DA:2,9
DA:3,9
DA:4,9
DA:5,9
DA:7,9
DA:8,9
DA:10,9
DA:11,9
DA:12,9
DA:14,9
DA:15,9
DA:16,9
DA:17,9
DA:19,9
LF:14
LH:14
BRF:0
BRH:0
end_of_record
TN:
SF:src\routes\notification.route.ts
FNF:0
FNH:0
DA:2,9
DA:3,9
DA:4,9
DA:6,9
DA:7,9
DA:10,9
DA:11,9
DA:12,9
DA:13,9
DA:14,9
DA:17,9
DA:18,9
DA:19,9
DA:20,9
DA:22,9
LF:15
LH:15
BRF:0
BRH:0
end_of_record
TN:
SF:src\routes\order.route.ts
FNF:0
FNH:0
DA:1,9
DA:2,9
DA:3,9
DA:5,9
DA:6,9
DA:9,9
DA:11,9
DA:12,9
DA:13,9
DA:14,9
DA:16,9
LF:11
LH:11
BRF:0
BRH:0
end_of_record
TN:
SF:src\routes\admin\admin.delivery.route.ts
FNF:0
FNH:0
DA:1,9
DA:2,9
DA:3,9
DA:5,9
DA:6,9
DA:8,9
DA:10,9
DA:11,9
DA:12,9
DA:13,9
DA:14,9
DA:15,9
DA:16,9
DA:18,9
LF:14
LH:14
BRF:0
BRH:0
end_of_record
TN:
SF:src\routes\admin\admin.order.route.ts
FNF:0
FNH:0
DA:1,9
DA:2,9
DA:3,9
DA:5,9
DA:6,9
DA:8,9
DA:10,9
DA:11,9
DA:12,9
DA:13,9
DA:15,9
LF:11
LH:11
BRF:0
BRH:0
end_of_record
TN:
SF:src\routes\admin\user.route.ts
FNF:0
FNH:0
DA:1,9
DA:2,9
DA:3,9
DA:4,9
DA:6,9
DA:7,9
DA:9,9
DA:11,9
DA:12,9
DA:13,9
DA:14,9
DA:15,9
DA:17,9
LF:13
LH:13
BRF:0
BRH:0
end_of_record
TN:
SF:src\services\cart.service.ts
FN:10,(anonymous_0)
FN:21,(anonymous_1)
FN:37,(anonymous_2)
FN:43,(anonymous_3)
FN:49,(anonymous_4)
FN:55,(anonymous_5)
FNF:6
FNH:6
FNDA:2,(anonymous_0)
FNDA:7,(anonymous_1)
FNDA:2,(anonymous_2)
FNDA:2,(anonymous_3)
FNDA:2,(anonymous_4)
FNDA:2,(anonymous_5)
DA:1,10
DA:2,10
DA:4,10
DA:7,10
DA:9,10
DA:11,2
DA:18,2
DA:22,7
DA:23,7
DA:24,6
DA:26,5
DA:27,5
DA:34,5
DA:38,2
DA:39,2
DA:40,1
DA:44,2
DA:45,2
DA:46,1
DA:50,2
DA:51,2
DA:52,1
DA:56,2
LF:23
LH:23
BRDA:21,0,0,0
BRDA:23,1,0,1
BRDA:23,1,1,6
BRDA:24,2,0,1
BRDA:24,2,1,5
BRDA:26,3,0,5
BRDA:26,3,1,1
BRDA:39,4,0,1
BRDA:39,4,1,1
BRDA:45,5,0,1
BRDA:45,5,1,1
BRDA:51,6,0,1
BRDA:51,6,1,1
BRF:13
BRH:12
end_of_record
TN:
SF:src\services\customBouquet.service.ts
FN:8,(anonymous_0)
FNF:1
FNH:1
FNDA:4,(anonymous_0)
DA:1,9
DA:2,9
DA:5,9
DA:7,9
DA:9,4
DA:10,2
DA:12,2
LF:7
LH:7
BRDA:9,0,0,2
BRDA:9,0,1,2
BRDA:9,1,0,4
BRDA:9,1,1,2
BRDA:9,1,2,2
BRF:5
BRH:5
end_of_record
TN:
SF:src\services\delivery.service.ts
FN:13,(anonymous_1)
FN:52,(anonymous_2)
FN:70,(anonymous_3)
FN:85,(anonymous_4)
FN:92,(anonymous_5)
FN:146,(anonymous_6)
FN:169,(anonymous_7)
FNF:7
FNH:7
FNDA:5,(anonymous_1)
FNDA:3,(anonymous_2)
FNDA:4,(anonymous_3)
FNDA:2,(anonymous_4)
FNDA:7,(anonymous_5)
FNDA:5,(anonymous_6)
FNDA:8,(anonymous_7)
DA:2,11
DA:3,11
DA:4,11
DA:6,11
DA:8,11
DA:9,11
DA:11,11
DA:22,5
DA:23,5
DA:25,3
DA:26,1
DA:29,2
DA:30,2
DA:32,0
DA:48,0
DA:53,3
DA:54,3
DA:55,3
DA:57,3
DA:58,3
DA:71,4
DA:72,2
DA:73,2
DA:74,2
DA:75,1
DA:79,3
DA:80,3
DA:81,2
DA:86,2
DA:87,2
DA:88,1
DA:105,7
DA:106,7
DA:108,5
DA:109,1
DA:112,4
DA:113,4
DA:114,4
DA:120,4
DA:121,1
DA:122,1
DA:123,1
DA:131,4
DA:132,1
DA:133,1
DA:140,4
DA:141,4
DA:142,3
DA:151,5
DA:152,5
DA:154,3
DA:155,1
DA:158,2
DA:164,2
DA:165,1
DA:174,8
DA:175,8
DA:177,6
DA:178,2
DA:180,4
DA:181,1
DA:184,3
DA:191,3
DA:193,2
DA:199,2
LF:65
LH:63
BRDA:23,0,0,2
BRDA:23,0,1,3
BRDA:25,1,0,1
BRDA:25,1,1,2
BRDA:30,2,0,2
BRDA:30,2,1,0
BRDA:38,3,0,0
BRDA:38,3,1,0
BRDA:39,4,0,0
BRDA:39,4,1,0
BRDA:53,5,0,3
BRDA:53,5,1,3
BRDA:54,6,0,3
BRDA:54,6,1,3
BRDA:70,7,0,0
BRDA:71,8,0,2
BRDA:71,8,1,2
BRDA:73,9,0,0
BRDA:73,9,1,2
BRDA:74,10,0,1
BRDA:74,10,1,1
BRDA:80,11,0,1
BRDA:80,11,1,2
BRDA:87,12,0,1
BRDA:87,12,1,1
BRDA:103,13,0,3
BRDA:106,14,0,2
BRDA:106,14,1,5
BRDA:108,15,0,1
BRDA:108,15,1,4
BRDA:113,16,0,0
BRDA:113,16,1,4
BRDA:114,17,0,0
BRDA:114,17,1,4
BRDA:120,18,0,1
BRDA:120,18,1,3
BRDA:131,19,0,1
BRDA:131,19,1,3
BRDA:141,20,0,1
BRDA:141,20,1,3
BRDA:152,21,0,2
BRDA:152,21,1,3
BRDA:154,22,0,1
BRDA:154,22,1,2
BRDA:164,23,0,1
BRDA:164,23,1,1
BRDA:175,24,0,2
BRDA:175,24,1,6
BRDA:177,25,0,2
BRDA:177,25,1,4
BRDA:180,26,0,1
BRDA:180,26,1,3
BRDA:191,27,0,1
BRDA:191,27,1,2
BRF:54
BRH:45
end_of_record
TN:
SF:src\services\favorites.service.ts
FN:11,(anonymous_1)
FN:25,(anonymous_2)
FN:31,(anonymous_3)
FNF:3
FNH:3
FNDA:7,(anonymous_1)
FNDA:3,(anonymous_2)
FNDA:2,(anonymous_3)
DA:1,11
DA:2,11
DA:4,11
DA:5,11
DA:6,11
DA:8,11
DA:10,11
DA:12,7
DA:13,5
DA:14,5
DA:15,2
DA:16,2
DA:17,2
DA:18,1
DA:21,4
DA:22,4
DA:26,3
DA:27,3
DA:28,2
DA:32,2
LF:20
LH:20
BRDA:12,0,0,5
BRDA:12,0,1,2
BRDA:14,1,0,1
BRDA:14,1,1,4
BRDA:15,2,0,2
BRDA:15,2,1,0
BRDA:17,3,0,1
BRDA:17,3,1,1
BRDA:18,4,0,1
BRDA:18,4,1,0
BRDA:27,5,0,1
BRDA:27,5,1,2
BRF:12
BRH:10
end_of_record
TN:
SF:src\services\item.service.ts
FN:13,(anonymous_1)
FN:20,(anonymous_2)
FN:29,(anonymous_3)
FN:53,(anonymous_4)
FN:59,(anonymous_5)
FN:93,(anonymous_6)
FN:102,(anonymous_7)
FN:121,(anonymous_8)
FNF:8
FNH:7
FNDA:5,(anonymous_1)
FNDA:0,(anonymous_2)
FNDA:8,(anonymous_3)
FNDA:3,(anonymous_4)
FNDA:9,(anonymous_5)
FNDA:1,(anonymous_6)
FNDA:1,(anonymous_7)
FNDA:2,(anonymous_8)
DA:2,11
DA:3,11
DA:4,11
DA:5,11
DA:10,11
DA:12,11
DA:14,5
DA:15,4
DA:16,4
DA:18,3
DA:19,3
DA:20,3
DA:23,3
DA:30,8
DA:41,8
DA:42,8
DA:54,3
DA:55,3
DA:56,2
DA:61,9
DA:62,9
DA:63,1
DA:66,8
DA:69,8
DA:70,8
DA:73,6
DA:76,6
DA:77,3
DA:78,3
DA:79,2
DA:80,2
DA:83,1
DA:89,6
DA:90,2
DA:91,2
DA:92,1
DA:93,1
DA:96,1
DA:101,6
DA:102,1
DA:103,1
DA:107,6
DA:108,1
DA:112,5
DA:115,5
DA:116,5
DA:118,4
DA:122,2
DA:123,2
LF:49
LH:49
BRDA:14,0,0,1
BRDA:14,0,1,4
BRDA:16,1,0,1
BRDA:16,1,1,3
BRDA:19,2,0,3
BRDA:19,2,1,0
BRDA:19,3,0,3
BRDA:19,3,1,3
BRDA:31,4,0,8
BRDA:31,4,1,7
BRDA:32,5,0,8
BRDA:32,5,1,7
BRDA:35,6,0,1
BRDA:35,6,1,7
BRDA:36,7,0,1
BRDA:36,7,1,7
BRDA:37,8,0,1
BRDA:37,8,1,7
BRDA:55,9,0,1
BRDA:55,9,1,2
BRDA:62,10,0,1
BRDA:62,10,1,8
BRDA:70,11,0,2
BRDA:70,11,1,6
BRDA:73,12,0,6
BRDA:73,12,1,0
BRDA:76,13,0,3
BRDA:76,13,1,3
BRDA:79,14,0,2
BRDA:79,14,1,0
BRDA:89,15,0,2
BRDA:89,15,1,4
BRDA:92,16,0,1
BRDA:92,16,1,0
BRDA:101,17,0,1
BRDA:101,17,1,5
BRDA:101,18,0,6
BRDA:101,18,1,3
BRDA:101,18,2,3
BRDA:107,19,0,1
BRDA:107,19,1,5
BRDA:116,20,0,1
BRDA:116,20,1,4
BRDA:123,21,0,1
BRDA:123,21,1,1
BRF:45
BRH:41
end_of_record
TN:
SF:src\services\notification.service.ts
FN:8,(anonymous_0)
FN:20,(anonymous_1)
FN:34,(anonymous_2)
FN:47,(anonymous_3)
FN:56,(anonymous_4)
FN:65,(anonymous_5)
FN:74,(anonymous_6)
FN:78,(anonymous_7)
FN:82,(anonymous_8)
FN:93,(anonymous_9)
FN:106,(anonymous_10)
FN:112,(anonymous_11)
FN:125,(anonymous_12)
FN:138,(anonymous_13)
FN:144,(anonymous_14)
FNF:15
FNH:15
FNDA:1,(anonymous_0)
FNDA:1,(anonymous_1)
FNDA:2,(anonymous_2)
FNDA:2,(anonymous_3)
FNDA:3,(anonymous_4)
FNDA:2,(anonymous_5)
FNDA:1,(anonymous_6)
FNDA:2,(anonymous_7)
FNDA:1,(anonymous_8)
FNDA:2,(anonymous_9)
FNDA:1,(anonymous_10)
FNDA:1,(anonymous_11)
FNDA:3,(anonymous_12)
FNDA:1,(anonymous_13)
FNDA:1,(anonymous_14)
DA:2,10
DA:3,10
DA:4,10
DA:6,10
DA:15,1
DA:16,1
DA:21,1
DA:22,1
DA:30,1
DA:41,2
DA:42,2
DA:43,1
DA:48,2
DA:49,2
DA:51,1
DA:52,1
DA:58,3
DA:63,3
DA:65,2
DA:68,2
DA:73,2
DA:74,1
DA:77,2
DA:79,2
DA:80,2
DA:83,1
DA:84,1
DA:94,2
DA:95,2
DA:97,1
DA:102,1
DA:107,1
DA:112,1
DA:120,1
DA:121,1
DA:126,3
DA:127,3
DA:129,2
DA:134,2
DA:139,1
DA:144,1
DA:152,1
DA:153,1
LF:43
LH:43
BRDA:20,0,0,0
BRDA:20,1,0,0
BRDA:42,2,0,1
BRDA:42,2,1,1
BRDA:49,3,0,1
BRDA:49,3,1,1
BRDA:63,4,0,1
BRDA:63,4,1,2
BRDA:86,5,0,1
BRDA:86,5,1,1
BRDA:87,6,0,1
BRDA:87,6,1,1
BRDA:95,7,0,1
BRDA:95,7,1,1
BRDA:120,8,0,1
BRDA:120,8,1,0
BRDA:127,9,0,1
BRDA:127,9,1,2
BRDA:152,10,0,1
BRDA:152,10,1,0
BRF:20
BRH:16
end_of_record
TN:
SF:src\services\order.service.ts
FN:48,(anonymous_1)
FN:59,(anonymous_2)
FN:122,(anonymous_3)
FN:136,(anonymous_4)
FN:146,(anonymous_5)
FN:168,(anonymous_6)
FN:182,(anonymous_7)
FN:189,(anonymous_8)
FN:208,(anonymous_9)
FNF:9
FNH:9
FNDA:31,(anonymous_1)
FNDA:30,(anonymous_2)
FNDA:2,(anonymous_3)
FNDA:3,(anonymous_4)
FNDA:3,(anonymous_5)
FNDA:2,(anonymous_6)
FNDA:2,(anonymous_7)
FNDA:2,(anonymous_8)
FNDA:4,(anonymous_9)
DA:2,10
DA:3,10
DA:4,10
DA:6,10
DA:7,10
DA:9,10
DA:10,10
DA:11,10
DA:24,10
DA:46,10
DA:54,31
DA:55,31
DA:56,1
DA:59,30
DA:60,30
DA:61,30
DA:64,30
DA:69,30
DA:71,30
DA:82,30
DA:92,30
DA:93,30
DA:94,30
DA:116,30
DA:118,30
DA:123,2
DA:124,2
DA:137,3
DA:138,3
DA:139,2
DA:140,1
DA:142,1
DA:147,3
DA:148,3
DA:149,3
DA:150,1
DA:152,2
DA:153,1
DA:159,1
DA:169,2
DA:170,2
DA:171,2
DA:172,2
DA:174,2
DA:175,2
DA:183,2
DA:184,2
DA:185,1
DA:190,2
DA:191,2
DA:193,2
DA:194,2
DA:195,1
DA:204,1
DA:209,4
DA:210,4
DA:212,3
DA:213,2
DA:216,2
DA:217,2
DA:218,2
DA:226,2
LF:62
LH:62
BRDA:55,0,0,1
BRDA:55,0,1,30
BRDA:55,1,0,31
BRDA:55,1,1,30
BRDA:55,1,2,30
BRDA:61,2,0,30
BRDA:61,2,1,0
BRDA:64,3,0,30
BRDA:64,3,1,0
BRDA:65,4,0,0
BRDA:65,4,1,0
BRDA:69,5,0,30
BRDA:69,5,1,30
BRDA:87,6,0,1
BRDA:87,6,1,29
BRDA:93,7,0,30
BRDA:93,7,1,0
BRDA:104,8,0,30
BRDA:104,8,1,0
BRDA:138,9,0,1
BRDA:138,9,1,2
BRDA:139,10,0,1
BRDA:139,10,1,1
BRDA:148,11,0,0
BRDA:148,11,1,3
BRDA:149,12,0,1
BRDA:149,12,1,2
BRDA:152,13,0,1
BRDA:152,13,1,1
BRDA:162,14,0,1
BRDA:162,14,1,0
BRDA:169,15,0,2
BRDA:169,15,1,2
BRDA:170,16,0,2
BRDA:170,16,1,2
BRDA:184,17,0,1
BRDA:184,17,1,1
BRDA:191,18,0,0
BRDA:191,18,1,2
BRDA:194,19,0,1
BRDA:194,19,1,1
BRDA:198,20,0,1
BRDA:198,20,1,0
BRDA:210,21,0,1
BRDA:210,21,1,3
BRDA:212,22,0,1
BRDA:212,22,1,2
BRDA:213,23,0,0
BRDA:213,23,1,2
BRDA:217,24,0,2
BRDA:217,24,1,0
BRDA:217,25,0,2
BRDA:217,25,1,2
BRDA:217,25,2,2
BRF:54
BRH:42
end_of_record
TN:
SF:src\services\user.service.ts
FN:15,(anonymous_1)
FN:18,(anonymous_2)
FN:21,(anonymous_3)
FN:49,(anonymous_4)
FN:74,(anonymous_5)
FN:97,(anonymous_6)
FN:118,(anonymous_7)
FN:137,(anonymous_8)
FNF:8
FNH:7
FNDA:1,(anonymous_1)
FNDA:1,(anonymous_2)
FNDA:9,(anonymous_3)
FNDA:3,(anonymous_4)
FNDA:5,(anonymous_5)
FNDA:2,(anonymous_6)
FNDA:2,(anonymous_7)
FNDA:0,(anonymous_8)
DA:1,11
DA:2,11
DA:3,11
DA:5,11
DA:6,11
DA:7,11
DA:8,11
DA:10,11
DA:12,11
DA:14,11
DA:16,1
DA:19,1
DA:23,9
DA:24,9
DA:25,1
DA:29,8
DA:30,8
DA:31,1
DA:35,7
DA:38,7
DA:46,7
DA:50,3
DA:51,3
DA:52,1
DA:55,2
DA:56,2
DA:57,1
DA:60,1
DA:69,1
DA:71,1
DA:75,5
DA:76,5
DA:79,4
DA:80,1
DA:81,1
DA:84,3
DA:85,1
DA:86,1
DA:91,2
DA:92,2
DA:94,1
DA:98,2
DA:99,2
DA:101,1
DA:105,1
DA:106,1
DA:108,1
DA:109,1
DA:110,1
DA:112,1
DA:113,1
DA:115,1
DA:119,2
DA:121,2
DA:126,2
DA:127,1
DA:130,1
DA:131,1
DA:132,1
DA:133,1
DA:135,1
DA:138,0
DA:139,0
DA:140,0
LF:64
LH:61
BRDA:24,0,0,1
BRDA:24,0,1,8
BRDA:30,1,0,1
BRDA:30,1,1,7
BRDA:51,2,0,1
BRDA:51,2,1,2
BRDA:56,3,0,1
BRDA:56,3,1,1
BRDA:76,4,0,1
BRDA:76,4,1,4
BRDA:79,5,0,1
BRDA:79,5,1,3
BRDA:79,6,0,4
BRDA:79,6,1,1
BRDA:81,7,0,1
BRDA:81,7,1,0
BRDA:84,8,0,1
BRDA:84,8,1,2
BRDA:84,9,0,3
BRDA:84,9,1,1
BRDA:86,10,0,1
BRDA:86,10,1,0
BRDA:92,11,0,1
BRDA:92,11,1,1
BRDA:99,12,0,1
BRDA:99,12,1,1
BRDA:126,13,0,1
BRDA:126,13,1,1
BRDA:139,14,0,0
BRDA:139,14,1,0
BRF:30
BRH:26
end_of_record
TN:
SF:src\services\admin\user.service.ts
FN:10,(anonymous_1)
FN:33,(anonymous_2)
FN:41,(anonymous_3)
FN:47,(anonymous_4)
FN:68,(anonymous_5)
FNF:5
FNH:5
FNDA:5,(anonymous_1)
FNDA:4,(anonymous_2)
FNDA:2,(anonymous_3)
FNDA:4,(anonymous_4)
FNDA:2,(anonymous_5)
DA:1,11
DA:2,11
DA:3,11
DA:7,11
DA:9,11
DA:13,5
DA:14,5
DA:16,4
DA:17,4
DA:19,3
DA:21,3
DA:34,4
DA:35,4
DA:42,2
DA:43,2
DA:44,1
DA:51,4
DA:52,4
DA:55,4
DA:56,1
DA:60,3
DA:61,1
DA:62,1
DA:65,2
DA:69,2
DA:70,2
LF:26
LH:26
BRDA:14,0,0,1
BRDA:14,0,1,4
BRDA:17,1,0,1
BRDA:17,1,1,3
BRDA:27,2,0,3
BRDA:27,2,1,3
BRDA:28,3,0,3
BRDA:28,3,1,0
BRDA:29,4,0,3
BRDA:29,4,1,3
BRDA:33,5,0,0
BRDA:33,6,0,0
BRDA:43,7,0,1
BRDA:43,7,1,1
BRDA:52,8,0,0
BRDA:52,8,1,4
BRDA:55,9,0,1
BRDA:55,9,1,3
BRDA:60,10,0,1
BRDA:60,10,1,2
BRDA:60,11,0,3
BRDA:60,11,1,2
BRDA:62,12,0,1
BRDA:62,12,1,0
BRDA:70,13,0,1
BRDA:70,13,1,1
BRF:26
BRH:21
end_of_record
